make: Nothing to be done for `default'.
rm: cannot remove ‘/homes/loenen/cis520/CIS520Proj4/openmpi/output_files/*’: No such file or directory
Running for 20 threads
Submitted batch job 9534024
Running for 18 threads
Submitted batch job 9534025
Running for 16 threads
Submitted batch job 9534026
Running for 14 threads
Submitted batch job 9534027
Running for 12 threads
Submitted batch job 9534028
Running for 10 threads
Submitted batch job 9534029
Running for 8 threads
Submitted batch job 9534030
Running for 6 threads
Submitted batch job 9534031
Running for 4 threads
Submitted batch job 9534032
Running for 2 threads
Submitted batch job 9534033
Running for 1 threads
Submitted batch job 9534034
Waiting for iterations to finish
find: ‘/homes/loenen/cis520/CIS520Proj4/openmpi/*temp.csv’: No such file or directory
find: ‘/homes/loenen/cis520/CIS520Proj4/openmpi/*temp.csv’: No such file or directory
find: ‘/homes/loenen/cis520/CIS520Proj4/openmpi/*temp.csv’: No such file or directory
find: ‘/homes/loenen/cis520/CIS520Proj4/openmpi/*temp.csv’: No such file or directory
find: ‘/homes/loenen/cis520/CIS520Proj4/openmpi/*temp.csv’: No such file or directory
find: ‘/homes/loenen/cis520/CIS520Proj4/openmpi/*temp.csv’: No such file or directory
find: ‘/homes/loenen/cis520/CIS520Proj4/openmpi/*temp.csv’: No such file or directory
find: ‘/homes/loenen/cis520/CIS520Proj4/openmpi/*temp.csv’: No such file or directory
find: ‘/homes/loenen/cis520/CIS520Proj4/openmpi/*temp.csv’: No such file or directory
find: ‘/homes/loenen/cis520/CIS520Proj4/openmpi/*temp.csv’: No such file or directory
find: ‘/homes/loenen/cis520/CIS520Proj4/openmpi/*temp.csv’: No such file or directory
find: ‘/homes/loenen/cis520/CIS520Proj4/openmpi/*temp.csv’: No such file or directory
find: ‘/homes/loenen/cis520/CIS520Proj4/openmpi/*temp.csv’: No such file or directory
find: ‘/homes/loenen/cis520/CIS520Proj4/openmpi/*temp.csv’: No such file or directory
find: ‘/homes/loenen/cis520/CIS520Proj4/openmpi/*temp.csv’: No such file or directory
find: ‘/homes/loenen/cis520/CIS520Proj4/openmpi/*temp.csv’: No such file or directory
find: ‘/homes/loenen/cis520/CIS520Proj4/openmpi/*temp.csv’: No such file or directory
find: ‘/homes/loenen/cis520/CIS520Proj4/openmpi/*temp.csv’: No such file or directory
find: ‘/homes/loenen/cis520/CIS520Proj4/openmpi/*temp.csv’: No such file or directory
find: ‘/homes/loenen/cis520/CIS520Proj4/openmpi/*temp.csv’: No such file or directory
find: ‘/homes/loenen/cis520/CIS520Proj4/openmpi/*temp.csv’: No such file or directory
find: ‘/homes/loenen/cis520/CIS520Proj4/openmpi/*temp.csv’: No such file or directory
find: ‘/homes/loenen/cis520/CIS520Proj4/openmpi/*temp.csv’: No such file or directory
find: ‘/homes/loenen/cis520/CIS520Proj4/openmpi/*temp.csv’: No such file or directory
find: ‘/homes/loenen/cis520/CIS520Proj4/openmpi/*temp.csv’: No such file or directory
find: ‘/homes/loenen/cis520/CIS520Proj4/openmpi/*temp.csv’: No such file or directory
find: ‘/homes/loenen/cis520/CIS520Proj4/openmpi/*temp.csv’: No such file or directory
find: ‘/homes/loenen/cis520/CIS520Proj4/openmpi/*temp.csv’: No such file or directory
find: ‘/homes/loenen/cis520/CIS520Proj4/openmpi/*temp.csv’: No such file or directory
find: ‘/homes/loenen/cis520/CIS520Proj4/openmpi/*temp.csv’: No such file or directory
find: ‘/homes/loenen/cis520/CIS520Proj4/openmpi/*temp.csv’: No such file or directory
find: ‘/homes/loenen/cis520/CIS520Proj4/openmpi/*temp.csv’: No such file or directory
find: ‘/homes/loenen/cis520/CIS520Proj4/openmpi/*temp.csv’: No such file or directory
find: ‘/homes/loenen/cis520/CIS520Proj4/openmpi/*temp.csv’: No such file or directory
find: ‘/homes/loenen/cis520/CIS520Proj4/openmpi/*temp.csv’: No such file or directory
find: ‘/homes/loenen/cis520/CIS520Proj4/openmpi/*temp.csv’: No such file or directory
find: ‘/homes/loenen/cis520/CIS520Proj4/openmpi/*temp.csv’: No such file or directory
find: ‘/homes/loenen/cis520/CIS520Proj4/openmpi/*temp.csv’: No such file or directory
find: ‘/homes/loenen/cis520/CIS520Proj4/openmpi/*temp.csv’: No such file or directory
find: ‘/homes/loenen/cis520/CIS520Proj4/openmpi/*temp.csv’: No such file or directory
find: ‘/homes/loenen/cis520/CIS520Proj4/openmpi/*temp.csv’: No such file or directory
find: ‘/homes/loenen/cis520/CIS520Proj4/openmpi/*temp.csv’: No such file or directory
find: ‘/homes/loenen/cis520/CIS520Proj4/openmpi/*temp.csv’: No such file or directory
find: ‘/homes/loenen/cis520/CIS520Proj4/openmpi/*temp.csv’: No such file or directory
find: ‘/homes/loenen/cis520/CIS520Proj4/openmpi/*temp.csv’: No such file or directory
find: ‘/homes/loenen/cis520/CIS520Proj4/openmpi/*temp.csv’: No such file or directory
find: ‘/homes/loenen/cis520/CIS520Proj4/openmpi/*temp.csv’: No such file or directory
find: ‘/homes/loenen/cis520/CIS520Proj4/openmpi/*temp.csv’: No such file or directory
find: ‘/homes/loenen/cis520/CIS520Proj4/openmpi/*temp.csv’: No such file or directory
find: ‘/homes/loenen/cis520/CIS520Proj4/openmpi/*temp.csv’: No such file or directory
find: ‘/homes/loenen/cis520/CIS520Proj4/openmpi/*temp.csv’: No such file or directory
find: ‘/homes/loenen/cis520/CIS520Proj4/openmpi/*temp.csv’: No such file or directory
find: ‘/homes/loenen/cis520/CIS520Proj4/openmpi/*temp.csv’: No such file or directory
find: ‘/homes/loenen/cis520/CIS520Proj4/openmpi/*temp.csv’: No such file or directory
find: ‘/homes/loenen/cis520/CIS520Proj4/openmpi/*temp.csv’: No such file or directory
find: ‘/homes/loenen/cis520/CIS520Proj4/openmpi/*temp.csv’: No such file or directory
find: ‘/homes/loenen/cis520/CIS520Proj4/openmpi/*temp.csv’: No such file or directory
find: ‘/homes/loenen/cis520/CIS520Proj4/openmpi/*temp.csv’: No such file or directory
find: ‘/homes/loenen/cis520/CIS520Proj4/openmpi/*temp.csv’: No such file or directory
find: ‘/homes/loenen/cis520/CIS520Proj4/openmpi/*temp.csv’: No such file or directory
find: ‘/homes/loenen/cis520/CIS520Proj4/openmpi/*temp.csv’: No such file or directory
find: ‘/homes/loenen/cis520/CIS520Proj4/openmpi/*temp.csv’: No such file or directory
find: ‘/homes/loenen/cis520/CIS520Proj4/openmpi/*temp.csv’: No such file or directory
find: ‘/homes/loenen/cis520/CIS520Proj4/openmpi/*temp.csv’: No such file or directory
find: ‘/homes/loenen/cis520/CIS520Proj4/openmpi/*temp.csv’: No such file or directory
find: ‘/homes/loenen/cis520/CIS520Proj4/openmpi/*temp.csv’: No such file or directory
find: ‘/homes/loenen/cis520/CIS520Proj4/openmpi/*temp.csv’: No such file or directory
find: ‘/homes/loenen/cis520/CIS520Proj4/openmpi/*temp.csv’: No such file or directory
find: ‘/homes/loenen/cis520/CIS520Proj4/openmpi/*temp.csv’: No such file or directory
find: ‘/homes/loenen/cis520/CIS520Proj4/openmpi/*temp.csv’: No such file or directory
find: ‘/homes/loenen/cis520/CIS520Proj4/openmpi/*temp.csv’: No such file or directory
find: ‘/homes/loenen/cis520/CIS520Proj4/openmpi/*temp.csv’: No such file or directory
find: ‘/homes/loenen/cis520/CIS520Proj4/openmpi/*temp.csv’: No such file or directory
find: ‘/homes/loenen/cis520/CIS520Proj4/openmpi/*temp.csv’: No such file or directory
find: ‘/homes/loenen/cis520/CIS520Proj4/openmpi/*temp.csv’: No such file or directory
find: ‘/homes/loenen/cis520/CIS520Proj4/openmpi/*temp.csv’: No such file or directory
find: ‘/homes/loenen/cis520/CIS520Proj4/openmpi/*temp.csv’: No such file or directory
find: ‘/homes/loenen/cis520/CIS520Proj4/openmpi/*temp.csv’: No such file or directory
find: ‘/homes/loenen/cis520/CIS520Proj4/openmpi/*temp.csv’: No such file or directory
find: ‘/homes/loenen/cis520/CIS520Proj4/openmpi/*temp.csv’: No such file or directory
find: ‘/homes/loenen/cis520/CIS520Proj4/openmpi/*temp.csv’: No such file or directory
find: ‘/homes/loenen/cis520/CIS520Proj4/openmpi/*temp.csv’: No such file or directory
find: ‘/homes/loenen/cis520/CIS520Proj4/openmpi/*temp.csv’: No such file or directory
find: ‘/homes/loenen/cis520/CIS520Proj4/openmpi/*temp.csv’: No such file or directory
find: ‘/homes/loenen/cis520/CIS520Proj4/openmpi/*temp.csv’: No such file or directory
find: ‘/homes/loenen/cis520/CIS520Proj4/openmpi/*temp.csv’: No such file or directory
find: ‘/homes/loenen/cis520/CIS520Proj4/openmpi/*temp.csv’: No such file or directory
find: ‘/homes/loenen/cis520/CIS520Proj4/openmpi/*temp.csv’: No such file or directory
find: ‘/homes/loenen/cis520/CIS520Proj4/openmpi/*temp.csv’: No such file or directory
find: ‘/homes/loenen/cis520/CIS520Proj4/openmpi/*temp.csv’: No such file or directory
find: ‘/homes/loenen/cis520/CIS520Proj4/openmpi/*temp.csv’: No such file or directory
find: ‘/homes/loenen/cis520/CIS520Proj4/openmpi/*temp.csv’: No such file or directory
find: ‘/homes/loenen/cis520/CIS520Proj4/openmpi/*temp.csv’: No such file or directory
find: ‘/homes/loenen/cis520/CIS520Proj4/openmpi/*temp.csv’: No such file or directory
find: ‘/homes/loenen/cis520/CIS520Proj4/openmpi/*temp.csv’: No such file or directory
find: ‘/homes/loenen/cis520/CIS520Proj4/openmpi/*temp.csv’: No such file or directory
find: ‘/homes/loenen/cis520/CIS520Proj4/openmpi/*temp.csv’: No such file or directory
find: ‘/homes/loenen/cis520/CIS520Proj4/openmpi/*temp.csv’: No such file or directory
find: ‘/homes/loenen/cis520/CIS520Proj4/openmpi/*temp.csv’: No such file or directory
find: ‘/homes/loenen/cis520/CIS520Proj4/openmpi/*temp.csv’: No such file or directory
find: ‘/homes/loenen/cis520/CIS520Proj4/openmpi/*temp.csv’: No such file or directory
find: ‘/homes/loenen/cis520/CIS520Proj4/openmpi/*temp.csv’: No such file or directory
find: ‘/homes/loenen/cis520/CIS520Proj4/openmpi/*temp.csv’: No such file or directory
find: ‘/homes/loenen/cis520/CIS520Proj4/openmpi/*temp.csv’: No such file or directory
find: ‘/homes/loenen/cis520/CIS520Proj4/openmpi/*temp.csv’: No such file or directory
find: ‘/homes/loenen/cis520/CIS520Proj4/openmpi/*temp.csv’: No such file or directory
find: ‘/homes/loenen/cis520/CIS520Proj4/openmpi/*temp.csv’: No such file or directory
find: ‘/homes/loenen/cis520/CIS520Proj4/openmpi/*temp.csv’: No such file or directory
find: ‘/homes/loenen/cis520/CIS520Proj4/openmpi/*temp.csv’: No such file or directory
find: ‘/homes/loenen/cis520/CIS520Proj4/openmpi/*temp.csv’: No such file or directory
find: ‘/homes/loenen/cis520/CIS520Proj4/openmpi/*temp.csv’: No such file or directory
find: ‘/homes/loenen/cis520/CIS520Proj4/openmpi/*temp.csv’: No such file or directory
find: ‘/homes/loenen/cis520/CIS520Proj4/openmpi/*temp.csv’: No such file or directory
find: ‘/homes/loenen/cis520/CIS520Proj4/openmpi/*temp.csv’: No such file or directory
find: ‘/homes/loenen/cis520/CIS520Proj4/openmpi/*temp.csv’: No such file or directory
find: ‘/homes/loenen/cis520/CIS520Proj4/openmpi/*temp.csv’: No such file or directory
find: ‘/homes/loenen/cis520/CIS520Proj4/openmpi/*temp.csv’: No such file or directory
find: ‘/homes/loenen/cis520/CIS520Proj4/openmpi/*temp.csv’: No such file or directory
find: ‘/homes/loenen/cis520/CIS520Proj4/openmpi/*temp.csv’: No such file or directory
find: ‘/homes/loenen/cis520/CIS520Proj4/openmpi/*temp.csv’: No such file or directory
find: ‘/homes/loenen/cis520/CIS520Proj4/openmpi/*temp.csv’: No such file or directory
find: ‘/homes/loenen/cis520/CIS520Proj4/openmpi/*temp.csv’: No such file or directory
find: ‘/homes/loenen/cis520/CIS520Proj4/openmpi/*temp.csv’: No such file or directory
find: ‘/homes/loenen/cis520/CIS520Proj4/openmpi/*temp.csv’: No such file or directory
find: ‘/homes/loenen/cis520/CIS520Proj4/openmpi/*temp.csv’: No such file or directory
find: ‘/homes/loenen/cis520/CIS520Proj4/openmpi/*temp.csv’: No such file or directory
find: ‘/homes/loenen/cis520/CIS520Proj4/openmpi/*temp.csv’: No such file or directory
find: ‘/homes/loenen/cis520/CIS520Proj4/openmpi/*temp.csv’: No such file or directory
find: ‘/homes/loenen/cis520/CIS520Proj4/openmpi/*temp.csv’: No such file or directory
find: ‘/homes/loenen/cis520/CIS520Proj4/openmpi/*temp.csv’: No such file or directory
find: ‘/homes/loenen/cis520/CIS520Proj4/openmpi/*temp.csv’: No such file or directory
find: ‘/homes/loenen/cis520/CIS520Proj4/openmpi/*temp.csv’: No such file or directory
find: ‘/homes/loenen/cis520/CIS520Proj4/openmpi/*temp.csv’: No such file or directory
find: ‘/homes/loenen/cis520/CIS520Proj4/openmpi/*temp.csv’: No such file or directory
find: ‘/homes/loenen/cis520/CIS520Proj4/openmpi/*temp.csv’: No such file or directory
find: ‘/homes/loenen/cis520/CIS520Proj4/openmpi/*temp.csv’: No such file or directory
find: ‘/homes/loenen/cis520/CIS520Proj4/openmpi/*temp.csv’: No such file or directory
find: ‘/homes/loenen/cis520/CIS520Proj4/openmpi/*temp.csv’: No such file or directory
find: ‘/homes/loenen/cis520/CIS520Proj4/openmpi/*temp.csv’: No such file or directory
find: ‘/homes/loenen/cis520/CIS520Proj4/openmpi/*temp.csv’: No such file or directory
find: ‘/homes/loenen/cis520/CIS520Proj4/openmpi/*temp.csv’: No such file or directory
find: ‘/homes/loenen/cis520/CIS520Proj4/openmpi/*temp.csv’: No such file or directory
find: ‘/homes/loenen/cis520/CIS520Proj4/openmpi/*temp.csv’: No such file or directory
find: ‘/homes/loenen/cis520/CIS520Proj4/openmpi/*temp.csv’: No such file or directory
find: ‘/homes/loenen/cis520/CIS520Proj4/openmpi/*temp.csv’: No such file or directory
find: ‘/homes/loenen/cis520/CIS520Proj4/openmpi/*temp.csv’: No such file or directory
find: ‘/homes/loenen/cis520/CIS520Proj4/openmpi/*temp.csv’: No such file or directory
find: ‘/homes/loenen/cis520/CIS520Proj4/openmpi/*temp.csv’: No such file or directory
find: ‘/homes/loenen/cis520/CIS520Proj4/openmpi/*temp.csv’: No such file or directory
find: ‘/homes/loenen/cis520/CIS520Proj4/openmpi/*temp.csv’: No such file or directory
find: ‘/homes/loenen/cis520/CIS520Proj4/openmpi/*temp.csv’: No such file or directory
find: ‘/homes/loenen/cis520/CIS520Proj4/openmpi/*temp.csv’: No such file or directory
find: ‘/homes/loenen/cis520/CIS520Proj4/openmpi/*temp.csv’: No such file or directory
find: ‘/homes/loenen/cis520/CIS520Proj4/openmpi/*temp.csv’: No such file or directory
find: ‘/homes/loenen/cis520/CIS520Proj4/openmpi/*temp.csv’: No such file or directory
find: ‘/homes/loenen/cis520/CIS520Proj4/openmpi/*temp.csv’: No such file or directory
find: ‘/homes/loenen/cis520/CIS520Proj4/openmpi/*temp.csv’: No such file or directory
find: ‘/homes/loenen/cis520/CIS520Proj4/openmpi/*temp.csv’: No such file or directory
find: ‘/homes/loenen/cis520/CIS520Proj4/openmpi/*temp.csv’: No such file or directory
find: ‘/homes/loenen/cis520/CIS520Proj4/openmpi/*temp.csv’: No such file or directory
find: ‘/homes/loenen/cis520/CIS520Proj4/openmpi/*temp.csv’: No such file or directory
find: ‘/homes/loenen/cis520/CIS520Proj4/openmpi/*temp.csv’: No such file or directory
find: ‘/homes/loenen/cis520/CIS520Proj4/openmpi/*temp.csv’: No such file or directory
find: ‘/homes/loenen/cis520/CIS520Proj4/openmpi/*temp.csv’: No such file or directory
find: ‘/homes/loenen/cis520/CIS520Proj4/openmpi/*temp.csv’: No such file or directory
find: ‘/homes/loenen/cis520/CIS520Proj4/openmpi/*temp.csv’: No such file or directory
find: ‘/homes/loenen/cis520/CIS520Proj4/openmpi/*temp.csv’: No such file or directory
find: ‘/homes/loenen/cis520/CIS520Proj4/openmpi/*temp.csv’: No such file or directory
find: ‘/homes/loenen/cis520/CIS520Proj4/openmpi/*temp.csv’: No such file or directory
find: ‘/homes/loenen/cis520/CIS520Proj4/openmpi/*temp.csv’: No such file or directory
find: ‘/homes/loenen/cis520/CIS520Proj4/openmpi/*temp.csv’: No such file or directory
find: ‘/homes/loenen/cis520/CIS520Proj4/openmpi/*temp.csv’: No such file or directory
find: ‘/homes/loenen/cis520/CIS520Proj4/openmpi/*temp.csv’: No such file or directory
find: ‘/homes/loenen/cis520/CIS520Proj4/openmpi/*temp.csv’: No such file or directory
find: ‘/homes/loenen/cis520/CIS520Proj4/openmpi/*temp.csv’: No such file or directory
find: ‘/homes/loenen/cis520/CIS520Proj4/openmpi/*temp.csv’: No such file or directory
find: ‘/homes/loenen/cis520/CIS520Proj4/openmpi/*temp.csv’: No such file or directory
find: ‘/homes/loenen/cis520/CIS520Proj4/openmpi/*temp.csv’: No such file or directory
find: ‘/homes/loenen/cis520/CIS520Proj4/openmpi/*temp.csv’: No such file or directory
find: ‘/homes/loenen/cis520/CIS520Proj4/openmpi/*temp.csv’: No such file or directory
find: ‘/homes/loenen/cis520/CIS520Proj4/openmpi/*temp.csv’: No such file or directory
find: ‘/homes/loenen/cis520/CIS520Proj4/openmpi/*temp.csv’: No such file or directory
find: ‘/homes/loenen/cis520/CIS520Proj4/openmpi/*temp.csv’: No such file or directory
find: ‘/homes/loenen/cis520/CIS520Proj4/openmpi/*temp.csv’: No such file or directory
find: ‘/homes/loenen/cis520/CIS520Proj4/openmpi/*temp.csv’: No such file or directory
find: ‘/homes/loenen/cis520/CIS520Proj4/openmpi/*temp.csv’: No such file or directory
find: ‘/homes/loenen/cis520/CIS520Proj4/openmpi/*temp.csv’: No such file or directory
find: ‘/homes/loenen/cis520/CIS520Proj4/openmpi/*temp.csv’: No such file or directory
find: ‘/homes/loenen/cis520/CIS520Proj4/openmpi/*temp.csv’: No such file or directory
find: ‘/homes/loenen/cis520/CIS520Proj4/openmpi/*temp.csv’: No such file or directory
find: ‘/homes/loenen/cis520/CIS520Proj4/openmpi/*temp.csv’: No such file or directory
find: ‘/homes/loenen/cis520/CIS520Proj4/openmpi/*temp.csv’: No such file or directory
find: ‘/homes/loenen/cis520/CIS520Proj4/openmpi/*temp.csv’: No such file or directory
find: ‘/homes/loenen/cis520/CIS520Proj4/openmpi/*temp.csv’: No such file or directory
find: ‘/homes/loenen/cis520/CIS520Proj4/openmpi/*temp.csv’: No such file or directory
find: ‘/homes/loenen/cis520/CIS520Proj4/openmpi/*temp.csv’: No such file or directory
find: ‘/homes/loenen/cis520/CIS520Proj4/openmpi/*temp.csv’: No such file or directory
find: ‘/homes/loenen/cis520/CIS520Proj4/openmpi/*temp.csv’: No such file or directory
find: ‘/homes/loenen/cis520/CIS520Proj4/openmpi/*temp.csv’: No such file or directory
find: ‘/homes/loenen/cis520/CIS520Proj4/openmpi/*temp.csv’: No such file or directory
find: ‘/homes/loenen/cis520/CIS520Proj4/openmpi/*temp.csv’: No such file or directory
find: ‘/homes/loenen/cis520/CIS520Proj4/openmpi/*temp.csv’: No such file or directory
find: ‘/homes/loenen/cis520/CIS520Proj4/openmpi/*temp.csv’: No such file or directory
find: ‘/homes/loenen/cis520/CIS520Proj4/openmpi/*temp.csv’: No such file or directory
find: ‘/homes/loenen/cis520/CIS520Proj4/openmpi/*temp.csv’: No such file or directory
find: ‘/homes/loenen/cis520/CIS520Proj4/openmpi/*temp.csv’: No such file or directory
find: ‘/homes/loenen/cis520/CIS520Proj4/openmpi/*temp.csv’: No such file or directory
find: ‘/homes/loenen/cis520/CIS520Proj4/openmpi/*temp.csv’: No such file or directory
find: ‘/homes/loenen/cis520/CIS520Proj4/openmpi/*temp.csv’: No such file or directory
find: ‘/homes/loenen/cis520/CIS520Proj4/openmpi/*temp.csv’: No such file or directory
find: ‘/homes/loenen/cis520/CIS520Proj4/openmpi/*temp.csv’: No such file or directory
find: ‘/homes/loenen/cis520/CIS520Proj4/openmpi/*temp.csv’: No such file or directory
find: ‘/homes/loenen/cis520/CIS520Proj4/openmpi/*temp.csv’: No such file or directory
find: ‘/homes/loenen/cis520/CIS520Proj4/openmpi/*temp.csv’: No such file or directory
find: ‘/homes/loenen/cis520/CIS520Proj4/openmpi/*temp.csv’: No such file or directory
find: ‘/homes/loenen/cis520/CIS520Proj4/openmpi/*temp.csv’: No such file or directory
find: ‘/homes/loenen/cis520/CIS520Proj4/openmpi/*temp.csv’: No such file or directory
find: ‘/homes/loenen/cis520/CIS520Proj4/openmpi/*temp.csv’: No such file or directory
find: ‘/homes/loenen/cis520/CIS520Proj4/openmpi/*temp.csv’: No such file or directory
find: ‘/homes/loenen/cis520/CIS520Proj4/openmpi/*temp.csv’: No such file or directory
find: ‘/homes/loenen/cis520/CIS520Proj4/openmpi/*temp.csv’: No such file or directory
find: ‘/homes/loenen/cis520/CIS520Proj4/openmpi/*temp.csv’: No such file or directory
find: ‘/homes/loenen/cis520/CIS520Proj4/openmpi/*temp.csv’: No such file or directory
find: ‘/homes/loenen/cis520/CIS520Proj4/openmpi/*temp.csv’: No such file or directory
find: ‘/homes/loenen/cis520/CIS520Proj4/openmpi/*temp.csv’: No such file or directory
find: ‘/homes/loenen/cis520/CIS520Proj4/openmpi/*temp.csv’: No such file or directory
find: ‘/homes/loenen/cis520/CIS520Proj4/openmpi/*temp.csv’: No such file or directory
find: ‘/homes/loenen/cis520/CIS520Proj4/openmpi/*temp.csv’: No such file or directory
find: ‘/homes/loenen/cis520/CIS520Proj4/openmpi/*temp.csv’: No such file or directory
find: ‘/homes/loenen/cis520/CIS520Proj4/openmpi/*temp.csv’: No such file or directory
find: ‘/homes/loenen/cis520/CIS520Proj4/openmpi/*temp.csv’: No such file or directory
find: ‘/homes/loenen/cis520/CIS520Proj4/openmpi/*temp.csv’: No such file or directory
find: ‘/homes/loenen/cis520/CIS520Proj4/openmpi/*temp.csv’: No such file or directory
find: ‘/homes/loenen/cis520/CIS520Proj4/openmpi/*temp.csv’: No such file or directory
find: ‘/homes/loenen/cis520/CIS520Proj4/openmpi/*temp.csv’: No such file or directory
find: ‘/homes/loenen/cis520/CIS520Proj4/openmpi/*temp.csv’: No such file or directory
find: ‘/homes/loenen/cis520/CIS520Proj4/openmpi/*temp.csv’: No such file or directory
find: ‘/homes/loenen/cis520/CIS520Proj4/openmpi/*temp.csv’: No such file or directory
find: ‘/homes/loenen/cis520/CIS520Proj4/openmpi/*temp.csv’: No such file or directory
find: ‘/homes/loenen/cis520/CIS520Proj4/openmpi/*temp.csv’: No such file or directory
find: ‘/homes/loenen/cis520/CIS520Proj4/openmpi/*temp.csv’: No such file or directory
find: ‘/homes/loenen/cis520/CIS520Proj4/openmpi/*temp.csv’: No such file or directory
find: ‘/homes/loenen/cis520/CIS520Proj4/openmpi/*temp.csv’: No such file or directory
find: ‘/homes/loenen/cis520/CIS520Proj4/openmpi/*temp.csv’: No such file or directory
find: ‘/homes/loenen/cis520/CIS520Proj4/openmpi/*temp.csv’: No such file or directory
